<?xml version="1.0" encoding="UTF-8"?>
<testsuite xmlns:xsi="http://www.w3.org/2001/XMLSchema-instance" xsi:noNamespaceSchemaLocation="https://maven.apache.org/surefire/maven-surefire-plugin/xsd/surefire-test-report.xsd" name="TestSuite" time="0.601" tests="3" errors="0" skipped="0" failures="1">
  <properties>
[...]
</properties>
  <testcase name="testCaseToValidateNodeName" classname="readFile.TestCases" time="0.003"/>
  <testcase name="testCaseToValidatePrice" classname="readFile.TestCases" time="0.007">
    <failure message="expected [44.95] but found [44]" type="java.lang.AssertionError">java.lang.AssertionError: expected [44.95] but found [44]
	at readFile.TestCases.testCaseToValidatePrice(TestCases.java:58)
</failure>
  </testcase>
  <testcase name="testCaseToValidationAuthorName" classname="readFile.TestCases" time="0"/>
</testsuite>